<?xml version="1.0" encoding="UTF-8"?>
<!-- Generated by org.testng.reporters.JUnitXMLReporter -->
<testsuite hostname="WKWIN5037064" ignored="0" name="Test" tests="5" failures="0" timestamp="05 Dec 2019 17:02:29 GMT" time="152.46" errors="0">
  <testcase name="homePageTitleTest" time="0.027" classname="com.qa.amazonTest.AmazonTestHomePage"/>
  <testcase name="amazonPLPTitleTest" time="4.373" classname="com.qa.amazonTest.AmazonTestPLPage"/>
  <testcase name="loginTest" time="0.0" classname="com.qa.amazonTest.AmazonTestLoginPage">
    <skipped/>
  </testcase> <!-- loginTest -->
  <testcase name="productSearch" time="16.096" classname="com.qa.amazonTest.AmazonTestHomePage"/>
  <testcase name="amazonPLPTest" time="16.501" classname="com.qa.amazonTest.AmazonTestPLPage"/>
</testsuite> <!-- Test -->
