<?xml version="1.0" encoding="UTF-8"?>
<testng-results skipped="0" failed="0" ignored="0" total="1" passed="1">
  <reporter-output>
  </reporter-output>
  <suite name="Default suite" duration-ms="27570" started-at="2019-11-05T15:27:53Z" finished-at="2019-11-05T15:28:21Z">
    <groups>
    </groups>
    <test name="Default test" duration-ms="27570" started-at="2019-11-05T15:27:53Z" finished-at="2019-11-05T15:28:21Z">
      <class name="com.qa.amazonTest.AmazonTestHomePage">
        <test-method status="PASS" signature="setUp()[pri:0, instance:com.qa.amazonTest.AmazonTestHomePage@1e88b3c]" name="setUp" is-config="true" duration-ms="16408" started-at="2019-11-05T15:27:53Z" finished-at="2019-11-05T15:28:09Z">
          <reporter-output>
          </reporter-output>
        </test-method> <!-- setUp -->
        <test-method status="PASS" signature="homePageTitleTest()[pri:0, instance:com.qa.amazonTest.AmazonTestHomePage@1e88b3c]" name="homePageTitleTest" duration-ms="10427" started-at="2019-11-05T15:28:09Z" finished-at="2019-11-05T15:28:20Z">
          <reporter-output>
          </reporter-output>
        </test-method> <!-- homePageTitleTest -->
        <test-method status="PASS" signature="tearDown()[pri:0, instance:com.qa.amazonTest.AmazonTestHomePage@1e88b3c]" name="tearDown" is-config="true" duration-ms="713" started-at="2019-11-05T15:28:20Z" finished-at="2019-11-05T15:28:21Z">
          <reporter-output>
          </reporter-output>
        </test-method> <!-- tearDown -->
      </class> <!-- com.qa.amazonTest.AmazonTestHomePage -->
    </test> <!-- Default test -->
  </suite> <!-- Default suite -->
</testng-results>
