<?xml version="1.0" encoding="UTF-8"?>
<!-- Generated by org.testng.reporters.JUnitXMLReporter -->
<testsuite hostname="WKWIN5037064" ignored="1" name="Default test" tests="1" failures="0" timestamp="30 Dec 2019 13:25:59 GMT" time="34.83" errors="0">
  <testcase name="testCartPageElements" time="1.447" classname="com.qa.amazonTest.AmazonTestCartPage"/>
  <testcase name="testCartPageTitle" time="0.0" classname="com.qa.amazonTest.AmazonTestCartPage">
    <ignored/>
  </testcase> <!-- testCartPageTitle -->
</testsuite> <!-- Default test -->
